c:\users\user\source\repos\motor\motor\x64\debug\vc143.pdb
c:\users\user\source\repos\motor\motor\x64\debug\vc143.idb
c:\users\user\source\repos\motor\motor\x64\debug\maingame.obj
c:\users\user\source\repos\motor\motor\x64\debug\sprite.obj
c:\users\user\source\repos\motor\motor\x64\debug\gls_program.obj
c:\users\user\source\repos\motor\motor\x64\debug\error.obj
c:\users\user\source\repos\motor\motor\x64\debug\main.obj
c:\users\user\source\repos\motor\motor\x64\debug\texturecache.obj
c:\users\user\source\repos\motor\motor\x64\debug\iomanager.obj
c:\users\user\source\repos\motor\motor\x64\debug\imageloader.obj
c:\users\user\source\repos\motor\motor\x64\debug\gltexture.obj
c:\users\user\source\repos\motor\motor\x64\debug\picopng.obj
c:\users\user\source\repos\motor\motor\x64\debug\resourcemanager.obj
c:\users\user\source\repos\motor\x64\debug\motor.exe
c:\users\user\source\repos\motor\x64\debug\motor.pdb
c:\users\user\source\repos\motor\motor\x64\debug\motor.ilk
c:\users\user\source\repos\motor\motor\x64\debug\source.obj
c:\users\user\source\repos\motor\motor\x64\debug\maingame.obj.enc
c:\users\user\source\repos\motor\motor\x64\debug\motor.tlog\cl.command.1.tlog
c:\users\user\source\repos\motor\motor\x64\debug\motor.tlog\cl.items.tlog
c:\users\user\source\repos\motor\motor\x64\debug\motor.tlog\cl.read.1.tlog
c:\users\user\source\repos\motor\motor\x64\debug\motor.tlog\cl.write.1.tlog
c:\users\user\source\repos\motor\motor\x64\debug\motor.tlog\link.command.1.tlog
c:\users\user\source\repos\motor\motor\x64\debug\motor.tlog\link.read.1.tlog
c:\users\user\source\repos\motor\motor\x64\debug\motor.tlog\link.secondary.1.tlog
c:\users\user\source\repos\motor\motor\x64\debug\motor.tlog\link.write.1.tlog
